This is pdfTeX, Version 3.14159265-2.6-1.40.18 (MiKTeX 2.9.6300 64-bit) (preloaded format=pdflatex 2017.8.7)  4 NOV 2018 15:15
entering extended mode
**"./Pre-Defense report part2.tex"
("Pre-Defense report part2.tex"
LaTeX2e <2017-04-15>
Babel <3.9r> and hyphenation patterns for 75 language(s) loaded.
("C:\Program Files\MiKTeX 2.9\tex\latex\base\report.cls"
Document Class: report 2014/09/29 v1.4h Standard LaTeX document class
("C:\Program Files\MiKTeX 2.9\tex\latex\base\size12.clo"
File: size12.clo 2014/09/29 v1.4h Standard LaTeX file (size option)
)
\c@part=\count79
\c@chapter=\count80
\c@section=\count81
\c@subsection=\count82
\c@subsubsection=\count83
\c@paragraph=\count84
\c@subparagraph=\count85
\c@figure=\count86
\c@table=\count87
\abovecaptionskip=\skip41
\belowcaptionskip=\skip42
\bibindent=\dimen102
)
("C:\Program Files\MiKTeX 2.9\tex\latex\geometry\geometry.sty"
Package: geometry 2010/09/12 v5.6 Page Geometry

("C:\Program Files\MiKTeX 2.9\tex\latex\graphics\keyval.sty"
Package: keyval 2014/10/28 v1.15 key=value parser (DPC)
\KV@toks@=\toks14
)
("C:\Program Files\MiKTeX 2.9\tex\generic\oberdiek\ifpdf.sty"
Package: ifpdf 2017/03/15 v3.2 Provides the ifpdf switch
)
("C:\Program Files\MiKTeX 2.9\tex\generic\oberdiek\ifvtex.sty"
Package: ifvtex 2016/05/16 v1.6 Detect VTeX and its facilities (HO)
Package ifvtex Info: VTeX not detected.
)
("C:\Program Files\MiKTeX 2.9\tex\generic\ifxetex\ifxetex.sty"
Package: ifxetex 2010/09/12 v0.6 Provides ifxetex conditional
)
\Gm@cnth=\count88
\Gm@cntv=\count89
\c@Gm@tempcnt=\count90
\Gm@bindingoffset=\dimen103
\Gm@wd@mp=\dimen104
\Gm@odd@mp=\dimen105
\Gm@even@mp=\dimen106
\Gm@layoutwidth=\dimen107
\Gm@layoutheight=\dimen108
\Gm@layouthoffset=\dimen109
\Gm@layoutvoffset=\dimen110
\Gm@dimlist=\toks15

("C:\Program Files\MiKTeX 2.9\tex\latex\geometry\geometry.cfg"))
("C:\Program Files\MiKTeX 2.9\tex\latex\graphics\graphicx.sty"
Package: graphicx 2014/10/28 v1.0g Enhanced LaTeX Graphics (DPC,SPQR)

("C:\Program Files\MiKTeX 2.9\tex\latex\graphics\graphics.sty"
Package: graphics 2017/04/14 v1.1b Standard LaTeX Graphics (DPC,SPQR)

("C:\Program Files\MiKTeX 2.9\tex\latex\graphics\trig.sty"
Package: trig 2016/01/03 v1.10 sin cos tan (DPC)
)
("C:\Program Files\MiKTeX 2.9\tex\latex\graphics-cfg\graphics.cfg"
File: graphics.cfg 2016/06/04 v1.11 sample graphics configuration
)
Package graphics Info: Driver file: pdftex.def on input line 99.

("C:\Program Files\MiKTeX 2.9\tex\latex\graphics-def\pdftex.def"
File: pdftex.def 2017/01/12 v0.06k Graphics/color for pdfTeX

("C:\Program Files\MiKTeX 2.9\tex\generic\oberdiek\infwarerr.sty"
Package: infwarerr 2016/05/16 v1.4 Providing info/warning/error messages (HO)
)
("C:\Program Files\MiKTeX 2.9\tex\generic\oberdiek\ltxcmds.sty"
Package: ltxcmds 2016/05/16 v1.23 LaTeX kernel commands for general use (HO)
)
\Gread@gobject=\count91
))
\Gin@req@height=\dimen111
\Gin@req@width=\dimen112
)
("C:\Program Files\MiKTeX 2.9\tex\latex\caption\caption.sty"
Package: caption 2016/02/21 v3.3-144 Customizing captions (AR)

("C:\Program Files\MiKTeX 2.9\tex\latex\caption\caption3.sty"
Package: caption3 2016/05/22 v1.7-166 caption3 kernel (AR)
Package caption3 Info: TeX engine: e-TeX on input line 67.
\captionmargin=\dimen113
\captionmargin@=\dimen114
\captionwidth=\dimen115
\caption@tempdima=\dimen116
\caption@indent=\dimen117
\caption@parindent=\dimen118
\caption@hangindent=\dimen119
)
\c@ContinuedFloat=\count92
)
("C:\Program Files\MiKTeX 2.9\tex\latex\caption\subcaption.sty"
Package: subcaption 2016/05/22 v1.1-161 Sub-captions (AR)
\c@subfigure=\count93
\c@subtable=\count94
)
("C:\Program Files\MiKTeX 2.9\tex\latex\tools\array.sty"
Package: array 2016/10/06 v2.4d Tabular extension package (FMi)
\col@sep=\dimen120
\extrarowheight=\dimen121
\NC@list=\toks16
\extratabsurround=\skip43
\backup@length=\skip44
)
("C:\Program Files\MiKTeX 2.9\tex\latex\float\float.sty"
Package: float 2001/11/08 v1.3d Float enhancements (AL)
\c@float@type=\count95
\float@exts=\toks17
\float@box=\box26
\@float@everytoks=\toks18
\@floatcapt=\box27
)
("C:\Program Files\MiKTeX 2.9\tex\latex\etoolbox\etoolbox.sty"
Package: etoolbox 2018/08/19 v2.5f e-TeX tools for LaTeX (JAW)
\etb@tempcnta=\count96
)
("Pre-Defense report part2.aux"

LaTeX Warning: Label `fig:test10' multiply defined.


LaTeX Warning: Label `fig:test10' multiply defined.

)
\openout1 = `"Pre-Defense report part2.aux"'.

LaTeX Font Info:    Checking defaults for OML/cmm/m/it on input line 25.
LaTeX Font Info:    ... okay on input line 25.
LaTeX Font Info:    Checking defaults for T1/cmr/m/n on input line 25.
LaTeX Font Info:    ... okay on input line 25.
LaTeX Font Info:    Checking defaults for OT1/cmr/m/n on input line 25.
LaTeX Font Info:    ... okay on input line 25.
LaTeX Font Info:    Checking defaults for OMS/cmsy/m/n on input line 25.
LaTeX Font Info:    ... okay on input line 25.
LaTeX Font Info:    Checking defaults for OMX/cmex/m/n on input line 25.
LaTeX Font Info:    ... okay on input line 25.
LaTeX Font Info:    Checking defaults for U/cmr/m/n on input line 25.
LaTeX Font Info:    ... okay on input line 25.

*geometry* driver: auto-detecting
*geometry* detected driver: pdftex
*geometry* verbose mode - [ preamble ] result:
* driver: pdftex
* paper: <default>
* layout: <same size as paper>
* layoutoffset:(h,v)=(0.0pt,0.0pt)
* modes: 
* h-part:(L,W,R)=(92.14519pt, 430.00462pt, 92.14519pt)
* v-part:(T,H,B)=(95.39737pt, 556.47656pt, 143.09605pt)
* \paperwidth=614.295pt
* \paperheight=794.96999pt
* \textwidth=440.0pt
* \textheight=600.0pt
* \oddsidemargin=19.8752pt
* \evensidemargin=19.8752pt
* \topmargin=-13.87262pt
* \headheight=12.0pt
* \headsep=25.0pt
* \topskip=12.0pt
* \footskip=30.0pt
* \marginparwidth=44.0pt
* \marginparsep=10.0pt
* \columnsep=10.0pt
* \skip\footins=10.8pt plus 4.0pt minus 2.0pt
* \hoffset=0.0pt
* \voffset=0.0pt
* \mag=1000
* \@twocolumnfalse
* \@twosidefalse
* \@mparswitchfalse
* \@reversemarginfalse
* (1in=72.27pt=25.4mm, 1cm=28.453pt)

("C:\Program Files\MiKTeX 2.9\tex\context\base\supp-pdf.mkii"
[Loading MPS to PDF converter (version 2006.09.02).]
\scratchcounter=\count97
\scratchdimen=\dimen122
\scratchbox=\box28
\nofMPsegments=\count98
\nofMParguments=\count99
\everyMPshowfont=\toks19
\MPscratchCnt=\count100
\MPscratchDim=\dimen123
\MPnumerator=\count101
\makeMPintoPDFobject=\count102
\everyMPtoPDFconversion=\toks20
) ("C:\Program Files\MiKTeX 2.9\tex\generic\oberdiek\pdftexcmds.sty"
Package: pdftexcmds 2017/03/19 v0.25 Utility functions of pdfTeX for LuaTeX (HO
)

("C:\Program Files\MiKTeX 2.9\tex\generic\oberdiek\ifluatex.sty"
Package: ifluatex 2016/05/16 v1.4 Provides the ifluatex switch (HO)
Package ifluatex Info: LuaTeX not detected.
)
Package pdftexcmds Info: LuaTeX not detected.
Package pdftexcmds Info: \pdf@primitive is available.
Package pdftexcmds Info: \pdf@ifprimitive is available.
Package pdftexcmds Info: \pdfdraftmode found.
)
("C:\Program Files\MiKTeX 2.9\tex\latex\oberdiek\epstopdf-base.sty"
Package: epstopdf-base 2016/05/15 v2.6 Base part for package epstopdf

("C:\Program Files\MiKTeX 2.9\tex\latex\oberdiek\grfext.sty"
Package: grfext 2016/05/16 v1.2 Manage graphics extensions (HO)

("C:\Program Files\MiKTeX 2.9\tex\generic\oberdiek\kvdefinekeys.sty"
Package: kvdefinekeys 2016/05/16 v1.4 Define keys (HO)
))
("C:\Program Files\MiKTeX 2.9\tex\latex\oberdiek\kvoptions.sty"
Package: kvoptions 2016/05/16 v3.12 Key value format for package options (HO)

("C:\Program Files\MiKTeX 2.9\tex\generic\oberdiek\kvsetkeys.sty"
Package: kvsetkeys 2016/05/16 v1.17 Key value parser (HO)

("C:\Program Files\MiKTeX 2.9\tex\generic\oberdiek\etexcmds.sty"
Package: etexcmds 2016/05/16 v1.6 Avoid name clashes with e-TeX commands (HO)
Package etexcmds Info: Could not find \expanded.
(etexcmds)             That can mean that you are not using pdfTeX 1.50 or
(etexcmds)             that some package has redefined \expanded.
(etexcmds)             In the latter case, load this package earlier.
)))
Package epstopdf-base Info: Redefining graphics rule for `.eps' on input line 4
38.
Package grfext Info: Graphics extension search list:
(grfext)             [.png,.pdf,.jpg,.mps,.jpeg,.jbig2,.jb2,.PNG,.PDF,.JPG,.JPE
G,.JBIG2,.JB2,.eps]
(grfext)             \AppendGraphicsExtensions on input line 456.
)
Package caption Info: Begin \AtBeginDocument code.
Package caption Info: float package is loaded.
Package caption Info: End \AtBeginDocument code.

<images/iut.png, id=1, 211.79124pt x 341.275pt>
File: images/iut.png Graphic file (type png)
 <use images/iut.png>
Package pdftex.def Info: images/iut.png used on input line 39.
(pdftex.def)             Requested size: 132.00134pt x 212.7079pt.
 [1

{C:/ProgramData/MiKTeX/2.9/pdftex/config/pdftex.map} <./images/iut.png>]
File: images/iut.png Graphic file (type png)

<use images/iut.png>
Package pdftex.def Info: images/iut.png used on input line 83.
(pdftex.def)             Requested size: 87.99866pt x 141.79832pt.
 [1]
LaTeX Font Info:    External font `cmex10' loaded for size
(Font)              <12> on input line 107.
LaTeX Font Info:    External font `cmex10' loaded for size
(Font)              <8> on input line 107.
LaTeX Font Info:    External font `cmex10' loaded for size
(Font)              <6> on input line 107.

Overfull \hbox (10.79132pt too wide) in paragraph at lines 107--120
 [] 
 []

[1] [1] ("Pre-Defense report part2.toc" [1

])
\tf@toc=\write3
\openout3 = `"Pre-Defense report part2.toc"'.

 [2]
Chapter 1.

Underfull \hbox (badness 10000) in paragraph at lines 163--183

 []


Underfull \hbox (badness 10000) in paragraph at lines 163--183

 []

[3

] <images/fig1.jpg, id=29, 216.81pt x 106.9596pt>
File: images/fig1.jpg Graphic file (type jpg)
 <use images/fig1.jpg>
Package pdftex.def Info: images/fig1.jpg used on input line 186.
(pdftex.def)             Requested size: 440.0pt x 217.09464pt.

[4 <./images/fig1.jpg>]
Chapter 2.

Underfull \hbox (badness 10000) in paragraph at lines 216--225

 []

[5

] <images/eye0.jpeg, id=37, 200.75pt x 150.5625pt>
File: images/eye0.jpeg Graphic file (type jpg)
 <use images/eye0.jpeg>
Package pdftex.def Info: images/eye0.jpeg used on input line 238.
(pdftex.def)             Requested size: 215.61517pt x 165.01503pt.

<images/eye4.jpeg, id=38, 225.84375pt x 150.5625pt>
File: images/eye4.jpeg Graphic file (type jpg)
 <use images/eye4.jpeg>
Package pdftex.def Info: images/eye4.jpeg used on input line 244.
(pdftex.def)             Requested size: 215.61172pt x 165.01503pt.

[6 <./images/eye0.jpeg> <./images/eye4.jpeg>]
Chapter 3.
<images/Drawing1.jpg, id=43, 931.22906pt x 416.30531pt>
File: images/Drawing1.jpg Graphic file (type jpg)

<use images/Drawing1.jpg>
Package pdftex.def Info: images/Drawing1.jpg used on input line 262.
(pdftex.def)             Requested size: 440.0pt x 196.69894pt.
 [7

 <./images/Drawing1.jpg>]
Missing character: There is no ‚ in font cmbx12!
Missing character: There is no ñ in font cmbx12!
Missing character: There is no † in font cmbx12!
LaTeX Font Info:    Try loading font information for OMS+cmr on input line 276.


("C:\Program Files\MiKTeX 2.9\tex\latex\base\omscmr.fd"
File: omscmr.fd 2014/09/29 v2.5h Standard LaTeX font definitions
)
LaTeX Font Info:    Font shape `OMS/cmr/m/n' in size <12> not available
(Font)              Font shape `OMS/cmsy/m/n' tried instead on input line 276.
Missing character: There is no ‚ in font cmr12!
Missing character: There is no Ä in font cmr12!
Missing character: There is no ò in font cmr12!
Missing character: There is no ‚ in font cmr12!
Missing character: There is no Ä in font cmr12!
Missing character: There is no ô in font cmr12!
Missing character: There is no ‚ in font cmbx12!
Missing character: There is no ñ in font cmbx12!
Missing character: There is no † in font cmbx12!
 [8]
Missing character: There is no ‚ in font cmr12!
Missing character: There is no Ä in font cmr12!
Missing character: There is no ô in font cmr12!
Missing character: There is no ‚ in font cmr12!
Missing character: There is no Ä in font cmr12!
Missing character: There is no ô in font cmr12!
Missing character: There is no ‚ in font cmbx12!
Missing character: There is no ñ in font cmbx12!
Missing character: There is no † in font cmbx12!
 [9] [10]
Missing character: There is no ‚ in font cmbx12!
Missing character: There is no ñ in font cmbx12!
Missing character: There is no † in font cmbx12!
 [11]
Overfull \hbox (4.5736pt too wide) in paragraph at lines 376--376
[]\OT1/cmr/bx/n/12 o Au-to-mated de-tec-tion of ex-u-dates for di-a-betic retin
opa-thy screen-ing (2007).
 []


Overfull \hbox (7.55557pt too wide) in paragraph at lines 389--389
[]\OT1/cmr/bx/n/12 o Au-to-mated De-tec-tion and Dif-fer-en-ti-a-tion of Drusen
, Ex-u-dates, and Cotton-
 []

[12]
Missing character: There is no ‚ in font cmr12!
Missing character: There is no Ä in font cmr12!
Missing character: There is no ì in font cmr12!
Missing character: There is no ¬ in font cmr12!
Missing character: There is no µ in font cmr12!
 [13]
Missing character: There is no ‚ in font cmbx12!
Missing character: There is no ñ in font cmbx12!
Missing character: There is no † in font cmbx12!
Missing character: There is no ‚ in font cmbx12!
Missing character: There is no ñ in font cmbx12!
Missing character: There is no † in font cmbx12!
 [14] [15]
Missing character: There is no ‚ in font cmbx12!
Missing character: There is no ñ in font cmbx12!
Missing character: There is no † in font cmbx12!
Missing character: There is no ‚ in font cmr12!
Missing character: There is no Ä in font cmr12!
Missing character: There is no ô in font cmr12!
 [16]
Missing character: There is no ‚ in font cmbx12!
Missing character: There is no ñ in font cmbx12!
Missing character: There is no † in font cmbx12!
Missing character: There is no √ in font cmr12!
Missing character: There is no Ø in font cmr12!
Missing character: There is no √ in font cmr12!
Missing character: There is no Ø in font cmr12!
 [17] [18]
Missing character: There is no ‚ in font cmr12!
Missing character: There is no Ä in font cmr12!
Missing character: There is no ì in font cmr12!
Missing character: There is no ‚ in font cmr12!
Missing character: There is no Ä in font cmr12!
Missing character: There is no ú in font cmr12!
Missing character: There is no ‚ in font cmr12!
Missing character: There is no Ä in font cmr12!
Missing character: There is no ù in font cmr12!
 [19]
Missing character: There is no ‚ in font cmbx12!
Missing character: There is no ñ in font cmbx12!
Missing character: There is no † in font cmbx12!
 [20]
Missing character: There is no ‚ in font cmr12!
Missing character: There is no Ä in font cmr12!
Missing character: There is no ò in font cmr12!
Missing character: There is no ‚ in font cmr12!
Missing character: There is no Ä in font cmr12!
Missing character: There is no ò in font cmr12!
Missing character: There is no ‚ in font cmr12!
Missing character: There is no Ä in font cmr12!
Missing character: There is no ô in font cmr12!
Missing character: There is no ‚ in font cmr12!
Missing character: There is no Ä in font cmr12!
Missing character: There is no ô in font cmr12!
 [21]
Missing character: There is no ‚ in font cmr12!
Missing character: There is no Ä in font cmr12!
Missing character: There is no ì in font cmr12!
Missing character: There is no ‚ in font cmr12!
Missing character: There is no Ä in font cmr12!
Missing character: There is no ì in font cmr12!
 [22] [23] [24]
Chapter 4.
<images/Drawing2.jpg, id=101, 582.67688pt x 153.57375pt>
File: images/Drawing2.jpg Graphic file (type jpg)

<use images/Drawing2.jpg>
Package pdftex.def Info: images/Drawing2.jpg used on input line 624.
(pdftex.def)             Requested size: 440.0pt x 115.97206pt.


LaTeX Warning: `h' float specifier changed to `ht'.

[25

] [26 <./images/Drawing2.jpg>]
<images/Capture3.jpg, id=112, 331.2375pt x 125.71968pt>
File: images/Capture3.jpg Graphic file (type jpg)

<use images/Capture3.jpg>
Package pdftex.def Info: images/Capture3.jpg used on input line 653.
(pdftex.def)             Requested size: 227.61906pt x 85.35779pt.

Overfull \hbox (7.61906pt too wide) in paragraph at lines 653--654
 [][] 
 []

<images/Capture4.jpg, id=113, 311.66437pt x 112.92188pt>
File: images/Capture4.jpg Graphic file (type jpg)

<use images/Capture4.jpg>
Package pdftex.def Info: images/Capture4.jpg used on input line 659.
(pdftex.def)             Requested size: 227.62723pt x 85.36317pt.

Overfull \hbox (7.62723pt too wide) in paragraph at lines 659--660
 [][] 
 []

<images/Capture5.jpg, id=114, 319.1925pt x 109.1578pt>
File: images/Capture5.jpg Graphic file (type jpg)

<use images/Capture5.jpg>
Package pdftex.def Info: images/Capture5.jpg used on input line 666.
(pdftex.def)             Requested size: 227.62183pt x 85.3576pt.

Overfull \hbox (7.62183pt too wide) in paragraph at lines 666--667
 [][] 
 []

<images/Capture6.jpg, id=115, 337.26pt x 112.16907pt>
File: images/Capture6.jpg Graphic file (type jpg)

<use images/Capture6.jpg>
Package pdftex.def Info: images/Capture6.jpg used on input line 672.
(pdftex.def)             Requested size: 227.62523pt x 85.36061pt.

Overfull \hbox (7.62523pt too wide) in paragraph at lines 672--673
 [][] 
 []

<images/Capture7.jpg, id=116, 331.99031pt x 116.68594pt>
File: images/Capture7.jpg Graphic file (type jpg)

<use images/Capture7.jpg>
Package pdftex.def Info: images/Capture7.jpg used on input line 679.
(pdftex.def)             Requested size: 227.62474pt x 85.36162pt.

Overfull \hbox (7.62474pt too wide) in paragraph at lines 679--680
 [][] 
 []

<images/Capture8.jpg, id=117, 341.02406pt x 127.22531pt>
File: images/Capture8.jpg Graphic file (type jpg)

<use images/Capture8.jpg>
Package pdftex.def Info: images/Capture8.jpg used on input line 685.
(pdftex.def)             Requested size: 227.62633pt x 85.36087pt.

Overfull \hbox (7.62633pt too wide) in paragraph at lines 685--686
 [][] 
 []

<images/Capture1.jpg, id=118, 976.39781pt x 650.43pt>
File: images/Capture1.jpg Graphic file (type jpg)

<use images/Capture1.jpg>
Package pdftex.def Info: images/Capture1.jpg used on input line 699.
(pdftex.def)             Requested size: 227.62099pt x 170.71562pt.

Overfull \hbox (7.62099pt too wide) in paragraph at lines 699--700
 [][] 
 []

<images/Capture2.jpg, id=119, 834.11626pt x 627.09282pt>
File: images/Capture2.jpg Graphic file (type jpg)

<use images/Capture2.jpg>
Package pdftex.def Info: images/Capture2.jpg used on input line 705.
(pdftex.def)             Requested size: 227.6199pt x 170.71434pt.

Overfull \hbox (7.6199pt too wide) in paragraph at lines 705--706
 [][] 
 []


LaTeX Warning: `h' float specifier changed to `ht'.

[27 <./images/Capture3.jpg> <./images/Capture4.jpg> <./images/Capture5.jpg> <./
images/Capture6.jpg> <./images/Capture7.jpg> <./images/Capture8.jpg>] [28 <./im
ages/Capture1.jpg> <./images/Capture2.jpg>]
<images/Pic1.png, id=127, 969.6225pt x 778.91pt>
File: images/Pic1.png Graphic file (type png)
 <use images/Pic1.png>
Package pdftex.def Info: images/Pic1.png used on input line 725.
(pdftex.def)             Requested size: 440.0pt x 353.46568pt.
 [29 <./images/Pic1.png (PNG copy)>] <images/Pic2.png, id=131, 181.3977pt x 93.
4692pt>
File: images/Pic2.png Graphic file (type png)

<use images/Pic2.png>
Package pdftex.def Info: images/Pic2.png used on input line 739.
(pdftex.def)             Requested size: 440.0pt x 226.74666pt.
Missing character: There is no ‚ in font cmr12!
Missing character: There is no Ä in font cmr12!
Missing character: There is no ô in font cmr12!
Missing character: There is no √ in font cmr12!
Missing character: There is no ó in font cmr12!
Missing character: There is no √ in font cmr12!
Missing character: There is no ó in font cmr12!
 [30 <./images/Pic2.png>]
<images/Pic3.png, id=136, 632.6034pt x 174.4116pt>
File: images/Pic3.png Graphic file (type png)
 <use images/Pic3.png>
Package pdftex.def Info: images/Pic3.png used on input line 748.
(pdftex.def)             Requested size: 440.0pt x 121.31018pt.
Missing character: There is no √ in font cmr12!
Missing character: There is no ó in font cmr12!
Missing character: There is no √ in font cmr12!
Missing character: There is no ó in font cmr12!

[31 <./images/Pic3.png>] <images/Pic5.png, id=141, 468.5505pt x 614.89725pt>
File: images/Pic5.png Graphic file (type png)

<use images/Pic5.png>
Package pdftex.def Info: images/Pic5.png used on input line 767.
(pdftex.def)             Requested size: 307.99866pt x 404.21025pt.
 [32 <./images/Pic5.png>] [33]
Chapter 5.
[34

] [35] <images/Capture9.jpg, id=156, 962.09438pt x 365.11406pt>
File: images/Capture9.jpg Graphic file (type jpg)

<use images/Capture9.jpg>
Package pdftex.def Info: images/Capture9.jpg used on input line 821.
(pdftex.def)             Requested size: 426.80208pt x 199.16985pt.

<images/Capture10.jpg, id=157, 970.3753pt x 358.33875pt>
File: images/Capture10.jpg Graphic file (type jpg)

<use images/Capture10.jpg>
Package pdftex.def Info: images/Capture10.jpg used on input line 828.
(pdftex.def)             Requested size: 426.80357pt x 199.17015pt.
 [36 <./images/Capture9.jpg> <./images/Capture10.jpg>] <images/Paint1.png, id=1
61, 434.5836pt x 253.9086pt>
File: images/Paint1.png Graphic file (type png)
 <use images/Paint1.png>
Package pdftex.def Info: images/Paint1.png used on input line 857.
(pdftex.def)             Requested size: 440.0pt x 257.08492pt.

[37 <./images/Paint1.png>]
<images/Paint2.png, id=166, 434.5836pt x 253.9086pt>
File: images/Paint2.png Graphic file (type png)
 <use images/Paint2.png>
Package pdftex.def Info: images/Paint2.png used on input line 879.
(pdftex.def)             Requested size: 440.0pt x 257.08492pt.

[38 <./images/Paint2.png>]
<images/Paint3.png, id=171, 434.5836pt x 253.9086pt>
File: images/Paint3.png Graphic file (type png)
 <use images/Paint3.png>
Package pdftex.def Info: images/Paint3.png used on input line 903.
(pdftex.def)             Requested size: 440.0pt x 257.08492pt.

[39 <./images/Paint3.png>]
Overfull \hbox (38.61768pt too wide) in paragraph at lines 930--943
 [] 
 []

[40]
Underfull \hbox (badness 10000) in paragraph at lines 965--965
[]|\OT1/cmr/m/n/12 Sanchez et
 []


Underfull \hbox (badness 10000) in paragraph at lines 965--965
[]|\OT1/cmr/m/n/12 Proposed
 []


Underfull \hbox (badness 10000) in paragraph at lines 965--965
[]|\OT1/cmr/m/n/12 Gargeya et
 []


Overfull \hbox (2.12354pt too wide) in paragraph at lines 967--967
[]|\OT1/cmr/m/n/12 Accuracy| 
 []


Overfull \hbox (14.64522pt too wide) in paragraph at lines 963--970
 [] 
 []

<images/comp.png, id=180, 439.8834pt x 398.4486pt>
File: images/comp.png Graphic file (type png)
 <use images/comp.png>
Package pdftex.def Info: images/comp.png used on input line 976.
(pdftex.def)             Requested size: 440.0pt x 398.55705pt.


LaTeX Warning: `h' float specifier changed to `ht'.

[41] [42 <./images/comp.png>]
Chapter 6.
[43

] ("Pre-Defense report part2.bbl" [44]
Missing character: There is no √ in font cmr12!
Missing character: There is no ® in font cmr12!

** WARNING: IEEEtran.bst: No hyphenation pattern has been
** loaded for the language `en'. Using the pattern for
** the default language instead.
** WARNING: IEEEtran.bst: No hyphenation pattern has been
** loaded for the language `en'. Using the pattern for
** the default language instead.
[45

] [46] [47]) [48] ("Pre-Defense report part2.aux")

LaTeX Warning: There were multiply-defined labels.

 ) 
Here is how much of TeX's memory you used:
 3763 strings out of 493328
 57882 string characters out of 3139122
 128550 words of memory out of 3000000
 7239 multiletter control sequences out of 15000+200000
 9147 words of font info for 32 fonts, out of 3000000 for 9000
 1141 hyphenation exceptions out of 8191
 39i,11n,39p,1346b,447s stack positions out of 5000i,500n,10000p,200000b,50000s
<C:/Program Files/MiKTeX 2.9/fonts/type1/public/amsfonts/cm/cmbx12.pfb><C:/Pr
ogram Files/MiKTeX 2.9/fonts/type1/public/amsfonts/cm/cmex10.pfb><C:/Program Fi
les/MiKTeX 2.9/fonts/type1/public/amsfonts/cm/cmmi12.pfb><C:/Program Files/MiKT
eX 2.9/fonts/type1/public/amsfonts/cm/cmmi6.pfb><C:/Program Files/MiKTeX 2.9/fo
nts/type1/public/amsfonts/cm/cmmi8.pfb><C:/Program Files/MiKTeX 2.9/fonts/type1
/public/amsfonts/cm/cmr10.pfb><C:/Program Files/MiKTeX 2.9/fonts/type1/public/a
msfonts/cm/cmr12.pfb><C:/Program Files/MiKTeX 2.9/fonts/type1/public/amsfonts/c
m/cmr8.pfb><C:/Program Files/MiKTeX 2.9/fonts/type1/public/amsfonts/cm/cmsy10.p
fb><C:/Program Files/MiKTeX 2.9/fonts/type1/public/amsfonts/cm/cmti12.pfb>
Output written on "Pre-Defense report part2.pdf" (52 pages, 1163888 bytes).
PDF statistics:
 242 PDF objects out of 1000 (max. 8388607)
 0 named destinations out of 1000 (max. 500000)
 121 words of extra memory for PDF output out of 10000 (max. 10000000)

